12395
CH000001
CH000002
CH000003
CH000004
CH000005
CH000006
CH000007
CH000008
CH000009
CH000010
CH000011
CH000012
CH000013
CH000014
CH000015
CH000016
CH000017
CH000018
CH000019
CH000020
CH000021
CH000022
CH000023
CH000024
CH000025
CH000026
CH000027
CH000028
CH000029
CH000030
CH000031
CH000032
CH000033
CH000034
CH000035
CH000036
CH000037
CH000038
CH000039
CH000040
CH000041
CH000042
CH000043
CH000044
CH000045
CH000046
CH000047
CH000048
CH000049
CH000050
CH000051
CH000052
CH000053
CH000054
CH000055
CH000056
CH000057
CH000058
CH000059
CH000060
CH000061
CH000062
CH000063
CH000064
CH000065
CH000066
CH000067
CH000068
CH000069
CH000070
CH000071
CH000072
CH000073
CH000074
Native not found :  CH000074
CH000075
CH000076
CH000077
CH000078
CH000079
CH000080
CH000081
CH000082
CH000083
CH000084
CH000085
CH000086
CH000087
CH000088
CH000089
CH000090
CH000091
CH000092
CH000093
CH000094
CH000095
CH000096
CH000097
CH000098
CH000099
CH000100
CH000101
CH000102
CH000103
CH000104
CH000105
CH000106
CH000107
CH000108
CH000109
CH000110
CH000111
CH000112
CH000113
CH000114
CH000115
CH000116
CH000117
CH000118
CH000119
CH000120
CH000121
CH000122
CH000123
CH000124
CH000125
CH000126
CH000127
CH000128
CH000129
CH000130
CH000131
CH000132
CH000133
CH000134
CH000135
CH000136
CH000137
CH000138
CH000139
CH000140
CH000141
CH000142
CH000143
CH000144
CH000145
CH000146
CH000147
CH000148
CH000149
CH000150
CH000151
CH000152
CH000153
CH000154
CH000155
CH000156
CH000157
CH000158
CH000159
CH000160
CH000161
CH000162
CH000163
CH000164
CH000165
CH000166
CH000167
CH000168
CH000169
CH000170
CH000171
CH000172
CH000173
CH000174
CH000175
CH000176
CH000177
CH000178
CH000179
CH000180
CH000181
CH000182
CH000183
CH000184
CH000185
CH000186
CH000187
CH000188
CH000189
CH000190
CH000191
CH000192
CH000193
CH000194
CH000195
CH000196
CH000197
CH000198
CH000199
CH000200
CH000201
CH000202
CH000203
CH000204
CH000205
CH000206
CH000207
CH000208
CH000209
CH000210
CH000211
CH000212
CH000213
CH000214
CH000215
CH000216
CH000217
CH000218
CH000219
CH000220
CH000221
CH000222
CH000223
CH000224
CH000225
CH000226
CH000227
CH000228
CH000229
CH000230
CH000231
CH000232
CH000233
CH000234
CH000235
CH000236
CH000237
CH000238
CH000239
CH000240
CH000241
CH000242
CH000243
CH000244
CH000245
CH000246
CH000247
CH000248
CH000249
CH000250
CH000251
CH000252
CH000253
CH000254
CH000255
CH000256
CH000257
CH000258
CH000259
CH000260
CH000261
Native not found :  CH000261
CH000262
Native not found :  CH000262
CH000263
Native not found :  CH000263
CH000264
Native not found :  CH000264
CH000265
Native not found :  CH000265
CH000266
CH000267
CH000268
CH000269
CH000270
CH000271
CH000272
CH000273
CH000274
CH000275
CH000276
CH000277
CH000278
CH000279
CH000280
CH000281
CH000282
CH000283
CH000284
CH000285
CH000286
CH000287
CH000288
CH000289
CH000290
CH000291
CH000292
CH000293
CH000294
CH000295
CH000296
CH000297
CH000298
CH000299
CH000300
CH000301
CH000302
CH000303
CH000304
CH000305
CH000306
CH000307
CH000308
CH000309
CH000310
CH000311
CH000312
CH000313
CH000314
CH000315
CH000316
CH000317
CH000318
CH000319
CH000320
CH000321
CH000322
CH000323
CH000324
CH000325
CH000326
CH000327
CH000328
CH000329
CH000330
CH000331
CH000332
CH000333
CH000334
CH000335
CH000336
CH000337
CH000338
CH000339
CH000340
CH000341
CH000342
CH000343
CH000344
CH000345
CH000346
CH000347
CH000348
CH000349
CH000350
CH000351
Native not found :  CH000351
CH000352
Native not found :  CH000352
CH000353
Native not found :  CH000353
CH000354
Native not found :  CH000354
CH000355
Native not found :  CH000355
CH000356
CH000357
CH000358
Raid not found :  CH000358
CH000359
Native not found :  CH000359
CH000360
Native not found :  CH000360
CH000361
Native not found :  CH000361
CH000362
Native not found :  CH000362
CH000363
Native not found :  CH000363
CH000364
Native not found :  CH000364
CH000365
Native not found :  CH000365
CH000366
Native not found :  CH000366
CH000367
Native not found :  CH000367
CH000368
Native not found :  CH000368
CH000369
Native not found :  CH000369
CH000370
Native not found :  CH000370
CH000371
Native not found :  CH000371
CH000372
Native not found :  CH000372
CH000373
Native not found :  CH000373
CH000374
Native not found :  CH000374
CH000375
Native not found :  CH000375
CH000376
Native not found :  CH000376
CH000377
Native not found :  CH000377
CH000378
Native not found :  CH000378
CH000379
Native not found :  CH000379
CH000380
Native not found :  CH000380
CH000381
Native not found :  CH000381
CH000382
Native not found :  CH000382
CH000383
Native not found :  CH000383
CH000384
Native not found :  CH000384
CH000385
Native not found :  CH000385
CH000386
Native not found :  CH000386
CH000387
Native not found :  CH000387
CH000388
Native not found :  CH000388
CH000389
Native not found :  CH000389
CH000390
Native not found :  CH000390
CH000391
Native not found :  CH000391
CH000392
Native not found :  CH000392
CH000393
Native not found :  CH000393
CH000394
Native not found :  CH000394
CH000395
Native not found :  CH000395
CH000396
Native not found :  CH000396
CH000397
Native not found :  CH000397
CH000398
Native not found :  CH000398
CH000399
Native not found :  CH000399
CH000400
Native not found :  CH000400
CH000401
Native not found :  CH000401
CH000402
Native not found :  CH000402
CH000403
Native not found :  CH000403
CH000404
Native not found :  CH000404
CH000405
Native not found :  CH000405
CH000406
Native not found :  CH000406
CH000407
Native not found :  CH000407
CH000408
Native not found :  CH000408
CH000409
Native not found :  CH000409
CH000410
Native not found :  CH000410
CH000411
Native not found :  CH000411
CH000412
Native not found :  CH000412
CH000413
Native not found :  CH000413
CH000414
Native not found :  CH000414
CH000415
Native not found :  CH000415
CH000416
Native not found :  CH000416
CH000417
Native not found :  CH000417
CH000418
Native not found :  CH000418
CH000419
Native not found :  CH000419
CH000420
Native not found :  CH000420
CH000421
Native not found :  CH000421
CH000422
Native not found :  CH000422
CH000423
Native not found :  CH000423
CH000424
Native not found :  CH000424
CH000425
Native not found :  CH000425
CH000426
Native not found :  CH000426
CH000427
Native not found :  CH000427
CH000428
Native not found :  CH000428
CH000429
Native not found :  CH000429
CH000430
Native not found :  CH000430
CH000431
Native not found :  CH000431
CH000432
Native not found :  CH000432
CH000433
Native not found :  CH000433
CH000434
Native not found :  CH000434
CH000435
Native not found :  CH000435
CH000436
Native not found :  CH000436
CH000437
Native not found :  CH000437
CH000438
Native not found :  CH000438
CH000439
Native not found :  CH000439
CH000440
Native not found :  CH000440
CH000441
Native not found :  CH000441
CH000442
Native not found :  CH000442
CH000443
Native not found :  CH000443
CH000444
Native not found :  CH000444
CH000445
Native not found :  CH000445
CH000446
Native not found :  CH000446
CH000447
Native not found :  CH000447
CH000448
Native not found :  CH000448
CH000449
Native not found :  CH000449
CH000450
Native not found :  CH000450
CH000451
Native not found :  CH000451
CH000452
Native not found :  CH000452
CH000453
Native not found :  CH000453
CH000454
Native not found :  CH000454
CH000455
Native not found :  CH000455
CH000456
Native not found :  CH000456
CH000457
Native not found :  CH000457
CH000458
Native not found :  CH000458
CH000459
Native not found :  CH000459
CH000460
Native not found :  CH000460
CH000461
Native not found :  CH000461
CH000462
Native not found :  CH000462
CH000463
Native not found :  CH000463
CH000464
Native not found :  CH000464
CH000465
Native not found :  CH000465
CH000466
Native not found :  CH000466
CH000467
Native not found :  CH000467
CH000468
Native not found :  CH000468
CH000469
Native not found :  CH000469
CH000470
Native not found :  CH000470
CH000471
Native not found :  CH000471
CH000472
Native not found :  CH000472
CH000473
Native not found :  CH000473
CH000474
Native not found :  CH000474
CH000475
Native not found :  CH000475
CH000476
Native not found :  CH000476
CH000477
Native not found :  CH000477
CH000478
Native not found :  CH000478
CH000479
Native not found :  CH000479
CH000480
Native not found :  CH000480
CH000481
Native not found :  CH000481
CH000482
Native not found :  CH000482
CH000483
Native not found :  CH000483
CH000484
Native not found :  CH000484
CH000485
Native not found :  CH000485
CH000486
Native not found :  CH000486
CH000487
Native not found :  CH000487
CH000488
Native not found :  CH000488
CH000489
Native not found :  CH000489
CH000490
Native not found :  CH000490
CH000491
Native not found :  CH000491
CH000492
Native not found :  CH000492
CH000493
Native not found :  CH000493
CH000494
Native not found :  CH000494
CH000495
Native not found :  CH000495
CH000496
Native not found :  CH000496
CH000497
Native not found :  CH000497
CH000498
Native not found :  CH000498
CH000499
Native not found :  CH000499
CH000500
Native not found :  CH000500
CH000501
Native not found :  CH000501
CH000502
Native not found :  CH000502
CH000503
Native not found :  CH000503
CH000504
Native not found :  CH000504
CH000505
Native not found :  CH000505
CH000506
Native not found :  CH000506
CH000507
Native not found :  CH000507
CH000508
Native not found :  CH000508
CH000509
Native not found :  CH000509
CH000510
Native not found :  CH000510
CH000511
Native not found :  CH000511
CH000512
Native not found :  CH000512
CH000513
Native not found :  CH000513
CH000514
Native not found :  CH000514
CH000515
Native not found :  CH000515
CH000516
Native not found :  CH000516
CH000517
Native not found :  CH000517
CH000518
Native not found :  CH000518
CH000519
Native not found :  CH000519
CH000520
Native not found :  CH000520
CH000521
Native not found :  CH000521
CH000522
Native not found :  CH000522
CH000523
Native not found :  CH000523
CH000524
Native not found :  CH000524
CH000525
Native not found :  CH000525
CH000526
Native not found :  CH000526
CH000527
Native not found :  CH000527
CH000528
Native not found :  CH000528
CH000529
Native not found :  CH000529
CH000530
Native not found :  CH000530
CH000531
Native not found :  CH000531
CH000532
Native not found :  CH000532
CH000533
Native not found :  CH000533
CH000534
Native not found :  CH000534
CH000535
Native not found :  CH000535
CH000536
Native not found :  CH000536
CH000537
Native not found :  CH000537
CH000538
Native not found :  CH000538
CH000539
Native not found :  CH000539
CH000540
Native not found :  CH000540
CH000541
Native not found :  CH000541
CH000542
Native not found :  CH000542
CH000543
Native not found :  CH000543
CH000544
Native not found :  CH000544
CH000545
Native not found :  CH000545
CH000546
Native not found :  CH000546
CH000547
Native not found :  CH000547
CH000548
Native not found :  CH000548
CH000549
Native not found :  CH000549
CH000550
Native not found :  CH000550
CH000551
Native not found :  CH000551
CH000552
Native not found :  CH000552
CH000553
Native not found :  CH000553
CH000554
Native not found :  CH000554
CH000555
Native not found :  CH000555
CH000556
Native not found :  CH000556
CH000557
Native not found :  CH000557
CH000558
Native not found :  CH000558
CH000559
Native not found :  CH000559
CH000560
Native not found :  CH000560
CH000561
Native not found :  CH000561
CH000562
Native not found :  CH000562
CH000563
Native not found :  CH000563
CH000564
Native not found :  CH000564
CH000565
Native not found :  CH000565
CH000566
Native not found :  CH000566
CH000567
Native not found :  CH000567
CH000568
Native not found :  CH000568
CH000569
Native not found :  CH000569
CH000570
Native not found :  CH000570
CH000571
Native not found :  CH000571
CH000572
Native not found :  CH000572
CH000573
Native not found :  CH000573
CH000574
Native not found :  CH000574
CH000575
Native not found :  CH000575
CH000576
Native not found :  CH000576
CH000577
Native not found :  CH000577
CH000578
Native not found :  CH000578
CH000579
Native not found :  CH000579
CH000580
Native not found :  CH000580
CH000581
Native not found :  CH000581
CH000582
Native not found :  CH000582
CH000583
Native not found :  CH000583
CH000584
Native not found :  CH000584
CH000585
Native not found :  CH000585
CH000586
Native not found :  CH000586
CH000587
Native not found :  CH000587
CH000588
Native not found :  CH000588
CH000589
Native not found :  CH000589
CH000590
Native not found :  CH000590
CH000591
Native not found :  CH000591
CH000592
Native not found :  CH000592
CH000593
Native not found :  CH000593
CH000594
Native not found :  CH000594
CH000595
Native not found :  CH000595
CH000596
Native not found :  CH000596
CH000597
Native not found :  CH000597
CH000598
Native not found :  CH000598
CH000599
Native not found :  CH000599
CH000600
Native not found :  CH000600
CH000601
Native not found :  CH000601
CH000602
Native not found :  CH000602
CH000603
Native not found :  CH000603
CH000604
Native not found :  CH000604
CH000605
Native not found :  CH000605
CH000606
Native not found :  CH000606
CH000607
Native not found :  CH000607
CH000608
Native not found :  CH000608
CH000609
Native not found :  CH000609
CH000610
Native not found :  CH000610
CH000611
Native not found :  CH000611
CH000612
Native not found :  CH000612
CH000613
Native not found :  CH000613
CH000614
Native not found :  CH000614
CH000615
Native not found :  CH000615
CH000616
Native not found :  CH000616
CH000617
Native not found :  CH000617
CH000618
Native not found :  CH000618
CH000619
Native not found :  CH000619
CH000620
Native not found :  CH000620
CH000621
Native not found :  CH000621
CH000622
Native not found :  CH000622
CH000623
Native not found :  CH000623
CH000624
Native not found :  CH000624
CH000625
Native not found :  CH000625
CH000626
Native not found :  CH000626
CH000627
Native not found :  CH000627
CH000628
Native not found :  CH000628
CH000629
Native not found :  CH000629
CH000630
Native not found :  CH000630
CH000631
Native not found :  CH000631
CH000632
Native not found :  CH000632
CH000633
Native not found :  CH000633
CH000634
Native not found :  CH000634
CH000635
Native not found :  CH000635
CH000636
Native not found :  CH000636
CH000637
Native not found :  CH000637
CH000638
Native not found :  CH000638
CH000639
Native not found :  CH000639
CH000640
Native not found :  CH000640
CH000641
Native not found :  CH000641
CH000642
Native not found :  CH000642
CH000643
Native not found :  CH000643
CH000644
Native not found :  CH000644
CH000645
Native not found :  CH000645
CH000646
Native not found :  CH000646
CH000647
Native not found :  CH000647
CH000648
Native not found :  CH000648
CH000649
Native not found :  CH000649
CH000650
Native not found :  CH000650
CH000651
Native not found :  CH000651
CH000652
Native not found :  CH000652
CH000653
Native not found :  CH000653
CH000654
Native not found :  CH000654
CH000655
Native not found :  CH000655
CH000656
Native not found :  CH000656
CH000657
Native not found :  CH000657
CH000658
Native not found :  CH000658
CH000659
Native not found :  CH000659
CH000660
Native not found :  CH000660
CH000661
Native not found :  CH000661
CH000662
Native not found :  CH000662
CH000663
Native not found :  CH000663
CH000664
Native not found :  CH000664
CH000665
Native not found :  CH000665
CH000666
Native not found :  CH000666
CH000667
Native not found :  CH000667
CH000668
Native not found :  CH000668
CH000669
Native not found :  CH000669
CH000670
Native not found :  CH000670
CH000671
Native not found :  CH000671
CH000672
Native not found :  CH000672
CH000673
Native not found :  CH000673
CH000674
Native not found :  CH000674
CH000675
Native not found :  CH000675
CH000676
Native not found :  CH000676
CH000677
Native not found :  CH000677
CH000678
Native not found :  CH000678
CH000679
Native not found :  CH000679
CH000680
Native not found :  CH000680
CH000681
Native not found :  CH000681
CH000682
Native not found :  CH000682
CH000683
Native not found :  CH000683
CH000684
Native not found :  CH000684
CH000685
Native not found :  CH000685
CH000686
Native not found :  CH000686
CH000687
Native not found :  CH000687
CH000688
Native not found :  CH000688
CH000689
Native not found :  CH000689
CH000690
Native not found :  CH000690
CH000691
Native not found :  CH000691
CH000692
Native not found :  CH000692
CH000693
Native not found :  CH000693
CH000694
Native not found :  CH000694
CH000695
Native not found :  CH000695
CH000696
Native not found :  CH000696
CH000697
Native not found :  CH000697
CH000698
Native not found :  CH000698
CH000699
Native not found :  CH000699
CH000700
Native not found :  CH000700
CH000701
Native not found :  CH000701
CH000702
Native not found :  CH000702
CH000703
Native not found :  CH000703
CH000704
Native not found :  CH000704
CH000705
Native not found :  CH000705
CH000706
Native not found :  CH000706
CH000707
Native not found :  CH000707
CH000708
Native not found :  CH000708
CH000709
Native not found :  CH000709
CH000710
Native not found :  CH000710
CH000711
Native not found :  CH000711
CH000712
Native not found :  CH000712
CH000713
Native not found :  CH000713
CH000714
Native not found :  CH000714
CH000715
Native not found :  CH000715
CH000716
Native not found :  CH000716
CH000717
Native not found :  CH000717
CH000718
Native not found :  CH000718
CH000719
Native not found :  CH000719
CH000720
Native not found :  CH000720
CH000721
Native not found :  CH000721
CH000722
Native not found :  CH000722
CH000723
Native not found :  CH000723
CH000724
Native not found :  CH000724
CH000725
Native not found :  CH000725
CH000726
Native not found :  CH000726
CH000727
Native not found :  CH000727
CH000728
Native not found :  CH000728
CH000729
Native not found :  CH000729
CH000730
Native not found :  CH000730
CH000731
Native not found :  CH000731
CH000732
Native not found :  CH000732
CH000733
Native not found :  CH000733
CH000734
Native not found :  CH000734
CH000735
Native not found :  CH000735
CH000736
Native not found :  CH000736
CH000737
Native not found :  CH000737
CH000738
Native not found :  CH000738
CH000739
Native not found :  CH000739
CH000740
Native not found :  CH000740
CH000741
Native not found :  CH000741
CH000742
Native not found :  CH000742
CH000743
Native not found :  CH000743
CH000744
Native not found :  CH000744
CH000745
Native not found :  CH000745
CH000746
Native not found :  CH000746
CH000747
Native not found :  CH000747
CH000748
Native not found :  CH000748
CH000749
Native not found :  CH000749
CH000750
Native not found :  CH000750
CH000751
Native not found :  CH000751
CH000752
Native not found :  CH000752
CH000753
Native not found :  CH000753
CH000754
Native not found :  CH000754
CH000755
Native not found :  CH000755
CH000756
Native not found :  CH000756
CH000757
Native not found :  CH000757
CH000758
Native not found :  CH000758
CH000759
Native not found :  CH000759
CH000760
Native not found :  CH000760
CH000761
Native not found :  CH000761
CH000762
Native not found :  CH000762
CH000763
Native not found :  CH000763
CH000764
Native not found :  CH000764
CH000765
Native not found :  CH000765
CH000766
Native not found :  CH000766
CH000767
Native not found :  CH000767
CH000768
Native not found :  CH000768
CH000769
Native not found :  CH000769
CH000770
Native not found :  CH000770
CH000771
Native not found :  CH000771
CH000772
Native not found :  CH000772
CH000773
Native not found :  CH000773
CH000774
Native not found :  CH000774
CH000775
Native not found :  CH000775
CH000776
Native not found :  CH000776
CH000777
Native not found :  CH000777
CH000778
Native not found :  CH000778
CH000779
Native not found :  CH000779
CH000780
Native not found :  CH000780
CH000781
Native not found :  CH000781
CH000782
Native not found :  CH000782
CH000783
Native not found :  CH000783
CH000784
Native not found :  CH000784
CH000785
Native not found :  CH000785
CH000786
Native not found :  CH000786
CH000787
Native not found :  CH000787
CH000788
Native not found :  CH000788
CH000789
Native not found :  CH000789
CH000790
Native not found :  CH000790
CH000791
Native not found :  CH000791
CH000792
Native not found :  CH000792
CH000793
Native not found :  CH000793
CH000794
Native not found :  CH000794
CH000795
Native not found :  CH000795
CH000796
Native not found :  CH000796
CH000797
Native not found :  CH000797
CH000798
Native not found :  CH000798
CH000799
Native not found :  CH000799
CH000800
Native not found :  CH000800
CH000801
Native not found :  CH000801
CH000802
Native not found :  CH000802
CH000803
Native not found :  CH000803
CH000804
Native not found :  CH000804
CH000805
Native not found :  CH000805
CH000806
Native not found :  CH000806
CH000807
Native not found :  CH000807
CH000808
Native not found :  CH000808
CH000809
Native not found :  CH000809
CH000810
Native not found :  CH000810
CH000811
Native not found :  CH000811
CH000812
Native not found :  CH000812
CH000813
Native not found :  CH000813
CH000814
Native not found :  CH000814
CH000815
Native not found :  CH000815
CH000816
Native not found :  CH000816
CH000817
Native not found :  CH000817
CH000818
Native not found :  CH000818
CH000819
Native not found :  CH000819
CH000820
Native not found :  CH000820
CH000821
Native not found :  CH000821
CH000822
Native not found :  CH000822
CH000823
Native not found :  CH000823
CH000824
Native not found :  CH000824
CH000825
Native not found :  CH000825
CH000826
Native not found :  CH000826
CH000827
Native not found :  CH000827
CH000828
Native not found :  CH000828
CH000829
Native not found :  CH000829
CH000830
Native not found :  CH000830
CH000831
Native not found :  CH000831
CH000832
Native not found :  CH000832
CH000833
Native not found :  CH000833
CH000834
Native not found :  CH000834
CH000835
Native not found :  CH000835
CH000836
Native not found :  CH000836
CH000837
Native not found :  CH000837
CH000838
Native not found :  CH000838
CH000839
Native not found :  CH000839
CH000840
Native not found :  CH000840
CH000841
Native not found :  CH000841
CH000842
Native not found :  CH000842
CH000843
Native not found :  CH000843
CH000844
Native not found :  CH000844
CH000845
Native not found :  CH000845
CH000846
Native not found :  CH000846
CH000847
Native not found :  CH000847
CH000848
Native not found :  CH000848
CH000849
Native not found :  CH000849
CH000850
Native not found :  CH000850
CH000851
Native not found :  CH000851
CH000852
Native not found :  CH000852
CH000853
Native not found :  CH000853
CH000854
Native not found :  CH000854
CH000855
Native not found :  CH000855
CH000856
Native not found :  CH000856
CH000857
Native not found :  CH000857
CH000858
Native not found :  CH000858
CH000859
Native not found :  CH000859
CH000860
Native not found :  CH000860
CH000861
Native not found :  CH000861
CH000862
Native not found :  CH000862
CH000863
Native not found :  CH000863
CH000864
Native not found :  CH000864
CH000865
Native not found :  CH000865
CH000866
Native not found :  CH000866
CH000867
Native not found :  CH000867
CH000868
Native not found :  CH000868
CH000869
Native not found :  CH000869
CH000870
Native not found :  CH000870
CH000871
Native not found :  CH000871
CH000872
Native not found :  CH000872
CH000873
Native not found :  CH000873
CH000874
Native not found :  CH000874
CH000875
Native not found :  CH000875
CH000876
Native not found :  CH000876
CH000877
Native not found :  CH000877
CH000878
Native not found :  CH000878
CH000879
Native not found :  CH000879
CH000880
Native not found :  CH000880
CH000881
Native not found :  CH000881
CH000882
Native not found :  CH000882
CH000883
Native not found :  CH000883
CH000884
Native not found :  CH000884
CH000885
Native not found :  CH000885
CH000886
Native not found :  CH000886
CH000887
Native not found :  CH000887
CH000888
Native not found :  CH000888
CH000889
Native not found :  CH000889
CH000890
Native not found :  CH000890
CH000891
Native not found :  CH000891
CH000892
Native not found :  CH000892
CH000893
Native not found :  CH000893
CH000894
Native not found :  CH000894
CH000895
Native not found :  CH000895
CH000896
Native not found :  CH000896
CH000897
Native not found :  CH000897
CH000898
Native not found :  CH000898
CH000899
Native not found :  CH000899
CH000900
Native not found :  CH000900
CH000901
Native not found :  CH000901
CH000902
Native not found :  CH000902
CH000903
Native not found :  CH000903
CH000904
Native not found :  CH000904
CH000905
Native not found :  CH000905
CH000906
Native not found :  CH000906
CH000907
Native not found :  CH000907
CH000908
Native not found :  CH000908
CH000909
Native not found :  CH000909
CH000910
Native not found :  CH000910
CH000911
Native not found :  CH000911
CH000912
Native not found :  CH000912
CH000913
Native not found :  CH000913
CH000914
Native not found :  CH000914
CH000915
Native not found :  CH000915
CH000916
Native not found :  CH000916
CH000917
Native not found :  CH000917
CH000918
Native not found :  CH000918
CH000919
Native not found :  CH000919
CH000920
Native not found :  CH000920
CH000921
Native not found :  CH000921
CH000922
Native not found :  CH000922
CH000923
Native not found :  CH000923
CH000924
Native not found :  CH000924
CH000925
Native not found :  CH000925
CH000926
Native not found :  CH000926
CH000927
Native not found :  CH000927
CH000928
Native not found :  CH000928
CH000929
Native not found :  CH000929
CH000930
Native not found :  CH000930
CH000931
Native not found :  CH000931
CH000932
Native not found :  CH000932
CH000933
Native not found :  CH000933
CH000934
Native not found :  CH000934
CH000935
Native not found :  CH000935
CH000936
Native not found :  CH000936
CH000937
Native not found :  CH000937
CH000938
Native not found :  CH000938
CH000939
Native not found :  CH000939
CH000940
Native not found :  CH000940
CH000941
Native not found :  CH000941
CH000942
Native not found :  CH000942
CH000943
Native not found :  CH000943
CH000944
Native not found :  CH000944
CH000945
Native not found :  CH000945
CH000946
Native not found :  CH000946
CH000947
Native not found :  CH000947
CH000948
Native not found :  CH000948
CH000949
Native not found :  CH000949
CH000950
Native not found :  CH000950
CH000951
Native not found :  CH000951
CH000952
Native not found :  CH000952
CH000953
Native not found :  CH000953
CH000954
Native not found :  CH000954
CH000955
Native not found :  CH000955
CH000956
Native not found :  CH000956
CH000957
Native not found :  CH000957
CH000958
Native not found :  CH000958
CH000959
Native not found :  CH000959
CH000960
Native not found :  CH000960
CH000961
Native not found :  CH000961
CH000962
Native not found :  CH000962
CH000963
Native not found :  CH000963
CH000964
Native not found :  CH000964
CH000965
Native not found :  CH000965
CH000966
Native not found :  CH000966
CH000967
Native not found :  CH000967
CH000968
Native not found :  CH000968
CH000969
Native not found :  CH000969
CH000970
Native not found :  CH000970
CH000971
Native not found :  CH000971
CH000972
Native not found :  CH000972
CH000973
Native not found :  CH000973
CH000974
Native not found :  CH000974
CH000975
Native not found :  CH000975
CH000976
Native not found :  CH000976
CH000977
Native not found :  CH000977
CH000978
Native not found :  CH000978
CH000979
Native not found :  CH000979
CH000980
Native not found :  CH000980
CH000981
Native not found :  CH000981
CH000982
Native not found :  CH000982
CH000983
Native not found :  CH000983
CH000984
Native not found :  CH000984
CH000985
Native not found :  CH000985
CH000986
Native not found :  CH000986
CH000987
Native not found :  CH000987
CH000988
Native not found :  CH000988
CH000989
Native not found :  CH000989
CH000990
Native not found :  CH000990
CH000991
Native not found :  CH000991
CH000992
Native not found :  CH000992
CH000993
Native not found :  CH000993
CH000994
Native not found :  CH000994
CH000995
Native not found :  CH000995
CH000996
Native not found :  CH000996
CH000997
Native not found :  CH000997
CH000998
Native not found :  CH000998
CH000999
Native not found :  CH000999
CH001000
Native not found :  CH001000
CH001001
Native not found :  CH001001
CH001002
Native not found :  CH001002
CH001003
Native not found :  CH001003
CH001004
Native not found :  CH001004
CH001005
Native not found :  CH001005
CH001006
Native not found :  CH001006
CH001007
Native not found :  CH001007
CH001008
Native not found :  CH001008
CH001009
Native not found :  CH001009
CH001010
Native not found :  CH001010
CH001011
Native not found :  CH001011
CH001012
Native not found :  CH001012
CH001013
Native not found :  CH001013
CH001014
Native not found :  CH001014
CH001015
Native not found :  CH001015
CH001016
Native not found :  CH001016
CH001017
Native not found :  CH001017
CH001018
Native not found :  CH001018
CH001019
Native not found :  CH001019
CH001020
Native not found :  CH001020
CH001021
Native not found :  CH001021
CH001022
Native not found :  CH001022
CH001023
Native not found :  CH001023
CH001024
Native not found :  CH001024
CH001025
Native not found :  CH001025
CH001026
Native not found :  CH001026
CH001027
Native not found :  CH001027
CH001028
Native not found :  CH001028
CH001029
Native not found :  CH001029
CH001030
Native not found :  CH001030
CH001031
Native not found :  CH001031
CH001032
Native not found :  CH001032
CH001033
Native not found :  CH001033
CH001034
Native not found :  CH001034
CH001035
Native not found :  CH001035
CH001036
Native not found :  CH001036
CH001037
Native not found :  CH001037
CH001038
Native not found :  CH001038
CH001039
Native not found :  CH001039
CH001040
Native not found :  CH001040
CH001041
Native not found :  CH001041
CH001042
Native not found :  CH001042
CH001043
Native not found :  CH001043
CH001044
Native not found :  CH001044
CH001045
Native not found :  CH001045
CH001046
Native not found :  CH001046
CH001047
Native not found :  CH001047
CH001048
Native not found :  CH001048
CH001049
Native not found :  CH001049
CH001050
Native not found :  CH001050
CH001051
Native not found :  CH001051
CH001052
Native not found :  CH001052
CH001053
Native not found :  CH001053
CH001054
Native not found :  CH001054
CH001055
Native not found :  CH001055
CH001056
Native not found :  CH001056
CH001057
Native not found :  CH001057
CH001058
Native not found :  CH001058
CH001059
Native not found :  CH001059
CH001060
Native not found :  CH001060
CH001061
Native not found :  CH001061
CH001062
Native not found :  CH001062
CH001063
Native not found :  CH001063
CH001064
Native not found :  CH001064
CH001065
Native not found :  CH001065
CH001066
Native not found :  CH001066
CH001067
Native not found :  CH001067
CH001068
Native not found :  CH001068
CH001069
Native not found :  CH001069
CH001070
Native not found :  CH001070
CH001071
Native not found :  CH001071
CH001072
Native not found :  CH001072
CH001073
Native not found :  CH001073
CH001074
Native not found :  CH001074
CH001075
Native not found :  CH001075
CH001076
Native not found :  CH001076
CH001077
Native not found :  CH001077
CH001078
Native not found :  CH001078
CH001079
Native not found :  CH001079
CH001080
Native not found :  CH001080
CH001081
Native not found :  CH001081
CH001082
Native not found :  CH001082
CH001083
Native not found :  CH001083
CH001084
Native not found :  CH001084
CH001085
Native not found :  CH001085
CH001086
Native not found :  CH001086
CH001087
Native not found :  CH001087
CH001088
Native not found :  CH001088
CH001089
Native not found :  CH001089
CH001090
Native not found :  CH001090
CH001091
Native not found :  CH001091
CH001092
Native not found :  CH001092
CH001093
Native not found :  CH001093
CH001094
Native not found :  CH001094
CH001095
Native not found :  CH001095
CH001096
Native not found :  CH001096
CH001097
Native not found :  CH001097
CH001098
Native not found :  CH001098
CH001099
Native not found :  CH001099
CH001100
Native not found :  CH001100
CH001101
Native not found :  CH001101
CH001102
Native not found :  CH001102
CH001103
Native not found :  CH001103
CH001104
Native not found :  CH001104
CH001105
Native not found :  CH001105
CH001106
Native not found :  CH001106
CH001107
Native not found :  CH001107
CH001108
Native not found :  CH001108
CH001109
Native not found :  CH001109
CH001110
Native not found :  CH001110
CH001111
Native not found :  CH001111
CH001112
Native not found :  CH001112
CH001113
Native not found :  CH001113
CH001114
Native not found :  CH001114
CH001115
Native not found :  CH001115
CH001116
Native not found :  CH001116
CH001117
Native not found :  CH001117
CH001118
Native not found :  CH001118
CH001119
Native not found :  CH001119
CH001120
Native not found :  CH001120
CH001121
Native not found :  CH001121
CH001122
Native not found :  CH001122
CH001123
Native not found :  CH001123
CH001124
Native not found :  CH001124
CH001125
Native not found :  CH001125
CH001126
Native not found :  CH001126
CH001127
Native not found :  CH001127
CH001128
Native not found :  CH001128
CH001129
Native not found :  CH001129
CH001130
Native not found :  CH001130
CH001131
Native not found :  CH001131
CH001132
Native not found :  CH001132
CH001133
Native not found :  CH001133
CH001134
Native not found :  CH001134
CH001135
Native not found :  CH001135
CH001136
Native not found :  CH001136
CH001137
Native not found :  CH001137
CH001138
Native not found :  CH001138
CH001139
Native not found :  CH001139
CH001140
Native not found :  CH001140
CH001141
Native not found :  CH001141
CH001142
Native not found :  CH001142
CH001143
Native not found :  CH001143
CH001144
Native not found :  CH001144
CH001145
Native not found :  CH001145
CH001146
Native not found :  CH001146
CH001147
Native not found :  CH001147
CH001148
Native not found :  CH001148
CH001149
Native not found :  CH001149
CH001150
Native not found :  CH001150
CH001151
Native not found :  CH001151
CH001152
Native not found :  CH001152
CH001153
Native not found :  CH001153
CH001154
Native not found :  CH001154
CH001155
Native not found :  CH001155
CH001156
Native not found :  CH001156
CH001157
Native not found :  CH001157
CH001158
Native not found :  CH001158
CH001159
Native not found :  CH001159
CH001160
Native not found :  CH001160
CH001161
Native not found :  CH001161
CH001162
Native not found :  CH001162
CH001163
Native not found :  CH001163
CH001164
Native not found :  CH001164
CH001165
Native not found :  CH001165
CH001166
Native not found :  CH001166
CH001167
Native not found :  CH001167
CH001168
Native not found :  CH001168
CH001169
Native not found :  CH001169
CH001170
Native not found :  CH001170
CH001171
Native not found :  CH001171
CH001172
Native not found :  CH001172
CH001173
Native not found :  CH001173
CH001174
Native not found :  CH001174
CH001175
Native not found :  CH001175
CH001176
Native not found :  CH001176
CH001177
Native not found :  CH001177
CH001178
Native not found :  CH001178
CH001179
Native not found :  CH001179
CH001180
Native not found :  CH001180
CH001181
Native not found :  CH001181
CH001182
Native not found :  CH001182
CH001183
Native not found :  CH001183
CH001184
Native not found :  CH001184
CH001185
Native not found :  CH001185
CH001186
Native not found :  CH001186
CH001187
Native not found :  CH001187
CH001188
Native not found :  CH001188
CH001189
Native not found :  CH001189
CH001190
Native not found :  CH001190
CH001191
Native not found :  CH001191
CH001192
Raid not found :  CH001192
CH001193
Native not found :  CH001193
CH001194
Native not found :  CH001194
CH001195
Native not found :  CH001195
CH001196
Native not found :  CH001196
CH001197
Native not found :  CH001197
CH001198
Native not found :  CH001198
CH001199
Native not found :  CH001199
CH001200
Native not found :  CH001200
CH001201
Native not found :  CH001201
CH001202
Native not found :  CH001202
CH001203
Native not found :  CH001203
CH001204
Native not found :  CH001204
CH001205
Native not found :  CH001205
CH001206
Native not found :  CH001206
CH001207
Native not found :  CH001207
CH001208
Native not found :  CH001208
CH001209
Native not found :  CH001209
CH001210
Native not found :  CH001210
CH001211
Native not found :  CH001211
CH001212
Native not found :  CH001212
CH001213
Native not found :  CH001213
CH001214
Native not found :  CH001214
CH001215
Native not found :  CH001215
CH001216
Native not found :  CH001216
CH001217
Native not found :  CH001217
CH001218
Native not found :  CH001218
CH001219
Native not found :  CH001219
CH001220
Native not found :  CH001220
CH001221
Native not found :  CH001221
CH001222
Native not found :  CH001222
CH001223
Native not found :  CH001223
CH001224
Native not found :  CH001224
CH001225
Native not found :  CH001225
CH001226
Native not found :  CH001226
CH001227
Native not found :  CH001227
CH001228
Native not found :  CH001228
CH001229
Native not found :  CH001229
CH001230
Native not found :  CH001230
CH001231
Native not found :  CH001231
CH001232
Native not found :  CH001232
CH001233
Native not found :  CH001233
CH001234
Native not found :  CH001234
CH001235
Native not found :  CH001235
CH001236
Native not found :  CH001236
CH001237
Native not found :  CH001237
CH001238
Native not found :  CH001238
CH001239
Native not found :  CH001239
CH001240
Native not found :  CH001240
CH001241
Native not found :  CH001241
CH001242
Native not found :  CH001242
CH001243
Native not found :  CH001243
CH001244
Native not found :  CH001244
CH001245
Native not found :  CH001245
CH001246
Native not found :  CH001246
CH001247
Native not found :  CH001247
CH001248
Native not found :  CH001248
CH001249
Native not found :  CH001249
CH001250
Native not found :  CH001250
CH001251
Native not found :  CH001251
CH001252
Native not found :  CH001252
CH001253
Native not found :  CH001253
CH001254
Native not found :  CH001254
CH001255
Native not found :  CH001255
CH001256
Native not found :  CH001256
CH001257
Native not found :  CH001257
CH001258
Native not found :  CH001258
CH001259
Native not found :  CH001259
CH001260
Native not found :  CH001260
CH001261
Native not found :  CH001261
CH001262
Native not found :  CH001262
CH001263
Native not found :  CH001263
CH001264
Native not found :  CH001264
CH001265
Native not found :  CH001265
CH001266
Native not found :  CH001266
CH001267
Native not found :  CH001267
CH001268
Native not found :  CH001268
CH001269
Native not found :  CH001269
CH001270
Native not found :  CH001270
CH001271
Native not found :  CH001271
CH001272
Native not found :  CH001272
CH001273
Native not found :  CH001273
CH001274
Native not found :  CH001274
CH001275
Native not found :  CH001275
CH001276
Native not found :  CH001276
CH001277
Native not found :  CH001277
CH001278
Native not found :  CH001278
CH001279
Native not found :  CH001279
CH001280
Native not found :  CH001280
CH001281
Native not found :  CH001281
CH001282
Native not found :  CH001282
CH001283
Native not found :  CH001283
CH001284
Native not found :  CH001284
CH001285
Native not found :  CH001285
CH001286
Native not found :  CH001286
CH001287
Native not found :  CH001287
CH001288
Native not found :  CH001288
CH001289
Native not found :  CH001289
CH001290
Native not found :  CH001290
CH001291
Native not found :  CH001291
CH001292
Native not found :  CH001292
CH001293
Native not found :  CH001293
CH001294
Native not found :  CH001294
CH001295
Native not found :  CH001295
CH001296
Native not found :  CH001296
CH001297
Native not found :  CH001297
CH001298
Native not found :  CH001298
CH001299
Native not found :  CH001299
CH001300
Native not found :  CH001300
CH001301
Native not found :  CH001301
CH001302
Native not found :  CH001302
CH001303
Native not found :  CH001303
CH001304
Native not found :  CH001304
CH001305
Native not found :  CH001305
CH001306
Native not found :  CH001306
CH001307
Native not found :  CH001307
CH001308
Native not found :  CH001308
CH001309
Native not found :  CH001309
CH001310
Native not found :  CH001310
CH001311
Native not found :  CH001311
CH001312
Native not found :  CH001312
CH001313
Native not found :  CH001313
CH001314
Native not found :  CH001314
CH001315
Native not found :  CH001315
CH001316
Native not found :  CH001316
CH001317
Native not found :  CH001317
CH001318
Native not found :  CH001318
CH001319
Native not found :  CH001319
CH001320
Native not found :  CH001320
CH001321
Native not found :  CH001321
CH001322
Native not found :  CH001322
CH001323
Native not found :  CH001323
CH001324
Native not found :  CH001324
CH001325
Native not found :  CH001325
CH001326
Native not found :  CH001326
CH001327
Native not found :  CH001327
CH001328
Native not found :  CH001328
CH001329
Native not found :  CH001329
CH001330
Native not found :  CH001330
CH001331
Native not found :  CH001331
CH001332
Native not found :  CH001332
CH001333
Native not found :  CH001333
CH001334
Native not found :  CH001334
CH001335
Native not found :  CH001335
CH001336
Native not found :  CH001336
CH001337
Native not found :  CH001337
CH001338
Native not found :  CH001338
CH001339
Native not found :  CH001339
CH001340
Native not found :  CH001340
CH001341
Native not found :  CH001341
CH001342
Native not found :  CH001342
CH001343
Native not found :  CH001343
CH001344
Native not found : 